<?xml version="1.0" encoding="UTF-8"?>
<!-- Generated by org.testng.reporters.JUnitReportReporter -->
<testsuite hostname="BDTUDV31328" name="testNG.LearnTestNGClass" tests="5" failures="0" timestamp="4 Sep 2016 15:01:27 GMT" time="0.020" errors="0">
  <testcase name="B" time="0.001" classname="testNG.LearnTestNGClass"/>
  <testcase name="D" time="0.002" classname="testNG.LearnTestNGClass"/>
  <testcase name="C" time="0.002" classname="testNG.LearnTestNGClass"/>
  <testcase name="A" time="0.001" classname="testNG.LearnTestNGClass"/>
  <testcase name="E" time="0.014" classname="testNG.LearnTestNGClass"/>
</testsuite> <!-- testNG.LearnTestNGClass -->
