<?xml version="1.0" encoding="UTF-8"?>
<!-- Generated by org.testng.reporters.JUnitReportReporter -->
<testsuite hostname="BDTUDV31328" name="startToEnd.AlertMessageTesting" tests="1" failures="0" timestamp="23 Aug 2016 07:24:53 GMT" time="18.054" errors="0">
  <testcase name="alertMessage" time="18.054" classname="startToEnd.AlertMessageTesting"/>
</testsuite> <!-- startToEnd.AlertMessageTesting -->
