<?xml version="1.0" encoding="UTF-8"?>
<!-- Generated by org.testng.reporters.JUnitReportReporter -->
<testsuite hostname="BDTUDV31328" name="startToEnd.DragAndDrop" tests="1" failures="0" timestamp="23 Aug 2016 04:07:36 GMT" time="45.179" errors="0">
  <testcase name="dragAndDrop" time="45.179" classname="startToEnd.DragAndDrop"/>
</testsuite> <!-- startToEnd.DragAndDrop -->
