<?xml version="1.0" encoding="UTF-8"?>
<!-- Generated by org.testng.reporters.JUnitReportReporter -->
<testsuite hostname="BDTUDV31328" name="startToEnd.CrossBrowser" tests="2" failures="0" timestamp="22 Aug 2016 14:19:13 GMT" time="260.565" errors="0">
  <testcase name="crossbrowser" time="164.361" classname="startToEnd.CrossBrowser"/>
  <testcase name="crossbrowser" time="96.204" classname="startToEnd.CrossBrowser"/>
</testsuite> <!-- startToEnd.CrossBrowser -->
