<?xml version="1.0" encoding="UTF-8"?>
<!-- Generated by org.testng.reporters.JUnitReportReporter -->
<testsuite hostname="BDTUDV31328" name="startToEnd.TestCasePass4" tests="1" failures="0" timestamp="25 Aug 2016 12:42:24 GMT" time="0.000" errors="0">
  <testcase name="Orkut" time="0.000" classname="startToEnd.TestCasePass4"/>
</testsuite> <!-- startToEnd.TestCasePass4 -->
