<?xml version="1.0" encoding="UTF-8"?>
<!-- Generated by org.testng.reporters.JUnitReportReporter -->
<testsuite hostname="BDTUDV31328" name="openBrowser.HandelPopUpmessage" tests="1" failures="0" timestamp="22 Apr 2016 05:26:00 GMT" time="19.693" errors="0">
  <testcase name="AlertPOPUP" time="19.693" classname="openBrowser.HandelPopUpmessage"/>
</testsuite> <!-- openBrowser.HandelPopUpmessage -->
