<?xml version="1.0" encoding="UTF-8"?>
<!-- Generated by org.testng.reporters.JUnitReportReporter -->
<testsuite hostname="BDTUDV31328" name="autoITFileUpload.FileUpload" tests="1" failures="0" timestamp="24 Aug 2016 13:50:14 GMT" time="35.813" errors="0">
  <testcase name="fileUploadMethod" time="35.813" classname="autoITFileUpload.FileUpload"/>
</testsuite> <!-- autoITFileUpload.FileUpload -->
