<?xml version="1.0" encoding="UTF-8"?>
<!-- Generated by org.testng.reporters.JUnitReportReporter -->
<testsuite hostname="BDTUDV31328" name="startToEnd.TestCaseFail5" tests="1" failures="0" timestamp="25 Aug 2016 12:46:03 GMT" time="0.001" errors="0">
  <testcase name="WAPP" time="0.001" classname="startToEnd.TestCaseFail5"/>
</testsuite> <!-- startToEnd.TestCaseFail5 -->
