<?xml version="1.0" encoding="UTF-8"?>
<!-- Generated by org.testng.reporters.JUnitReportReporter -->
<testsuite hostname="BDTUDV31328" name="crossBrowserTesting.CB" tests="2" failures="0" timestamp="1 Sep 2016 10:28:32 GMT" time="49.009" errors="0">
  <testcase name="crossb" time="35.671" classname="crossBrowserTesting.CB"/>
  <testcase name="crossb" time="13.338" classname="crossBrowserTesting.CB"/>
</testsuite> <!-- crossBrowserTesting.CB -->
