<?xml version="1.0" encoding="UTF-8"?>
<!-- Generated by org.testng.reporters.JUnitReportReporter -->
<testsuite hostname="BDTUDV31328" name="crossBrowserTesting.ChromeBrowserOpen" tests="2" failures="0" timestamp="1 Sep 2016 10:27:18 GMT" time="26.590" errors="0">
  <testcase name="chromebrowser" time="17.477" classname="crossBrowserTesting.ChromeBrowserOpen"/>
  <testcase name="chromebrowser" time="9.113" classname="crossBrowserTesting.ChromeBrowserOpen"/>
</testsuite> <!-- crossBrowserTesting.ChromeBrowserOpen -->
