<?xml version="1.0" encoding="UTF-8"?>
<!-- Generated by org.testng.reporters.JUnitReportReporter -->
<testsuite hostname="BDTUDV31328" name="startToEnd.TestCasePass2" tests="1" failures="0" timestamp="25 Aug 2016 12:42:24 GMT" time="0.001" errors="0">
  <testcase name="Twitter" time="0.001" classname="startToEnd.TestCasePass2"/>
</testsuite> <!-- startToEnd.TestCasePass2 -->
