<?xml version="1.0" encoding="UTF-8"?>
<!-- Generated by org.testng.reporters.JUnitReportReporter -->
<testsuite hostname="BDTUDV31328" name="screenShotTaker.ScreenShot" tests="1" failures="0" timestamp="25 Aug 2016 09:52:39 GMT" time="14.677" errors="0">
  <testcase name="screenShotCapture" time="14.677" classname="screenShotTaker.ScreenShot"/>
</testsuite> <!-- screenShotTaker.ScreenShot -->
